#! /usr/bin/vvp
:ivl_version "10.1 (stable)";
:ivl_delay_selection "TYPICAL";
:vpi_time_precision + 0;
:vpi_module "system";
:vpi_module "vhdl_sys";
:vpi_module "v2005_math";
:vpi_module "va_math";
S_0x560c9d346b50 .scope module, "comparator" "comparator" 2 1;
 .timescale 0 0;
    .port_info 0 /INPUT 3 "taginput"
    .port_info 1 /INPUT 3 "tagoutput"
    .port_info 2 /OUTPUT 1 "match"
P_0x560c9d346670 .param/l "index" 0 2 2, +C4<00000000000000000000000000000011>;
v0x560c9d346cd0_0 .net "match", 0 0, L_0x560c9d39cef0;  1 drivers
o0x7f716b90d048 .functor BUFZ 3, C4<zzz>; HiZ drive
v0x560c9d39cca0_0 .net "taginput", 2 0, o0x7f716b90d048;  0 drivers
o0x7f716b90d078 .functor BUFZ 3, C4<zzz>; HiZ drive
v0x560c9d39cd80_0 .net "tagoutput", 2 0, o0x7f716b90d078;  0 drivers
L_0x560c9d39cef0 .cmp/eq 3, o0x7f716b90d048, o0x7f716b90d078;
# The file index is used to find the file name in the following table.
:file_names 3;
    "N/A";
    "<interactive>";
    "comparator.v";
